Using pre-set license
Built from '2021.3/staging' branch; Version is '2021.3.21f1 (1b156197d683) revision 1774945'; Using compiler version '192829333'; Build Type 'Release'
OS: 'Windows 10  (10.0.19045) 64bit Professional' Language: 'ko' Physical Memory: 16254 MB
BatchMode: 1, IsHumanControllingUs: 0, StartBugReporterOnCrash: 0, Is64bit: 1, IsPro: 1

COMMAND LINE ARGUMENTS:
C:\Program Files\Unity\Hub\Editor\2021.3.21f1\Editor\Unity.exe
-adb2
-batchMode
-noUpm
-name
AssetImportWorker0
-projectPath
C:/Users/bhs99/OneDrive/문서/GitHub/In-Hindsight
-logFile
Logs/AssetImportWorker0.log
-srvPort
11484
Successfully changed project path to: C:/Users/bhs99/OneDrive/문서/GitHub/In-Hindsight
C:/Users/bhs99/OneDrive/문서/GitHub/In-Hindsight
[UnityMemory] Configuration Parameters - Can be set up in boot.config
    "memorysetup-bucket-allocator-granularity=16"
    "memorysetup-bucket-allocator-bucket-count=8"
    "memorysetup-bucket-allocator-block-size=33554432"
    "memorysetup-bucket-allocator-block-count=8"
    "memorysetup-main-allocator-block-size=16777216"
    "memorysetup-thread-allocator-block-size=16777216"
    "memorysetup-gfx-main-allocator-block-size=16777216"
    "memorysetup-gfx-thread-allocator-block-size=16777216"
    "memorysetup-cache-allocator-block-size=4194304"
    "memorysetup-typetree-allocator-block-size=2097152"
    "memorysetup-profiler-bucket-allocator-granularity=16"
    "memorysetup-profiler-bucket-allocator-bucket-count=8"
    "memorysetup-profiler-bucket-allocator-block-size=33554432"
    "memorysetup-profiler-bucket-allocator-block-count=8"
    "memorysetup-profiler-allocator-block-size=16777216"
    "memorysetup-profiler-editor-allocator-block-size=1048576"
    "memorysetup-temp-allocator-size-main=16777216"
    "memorysetup-job-temp-allocator-block-size=2097152"
    "memorysetup-job-temp-allocator-block-size-background=1048576"
    "memorysetup-job-temp-allocator-reduction-small-platforms=262144"
    "memorysetup-temp-allocator-size-background-worker=32768"
    "memorysetup-temp-allocator-size-job-worker=262144"
    "memorysetup-temp-allocator-size-preload-manager=33554432"
    "memorysetup-temp-allocator-size-nav-mesh-worker=65536"
    "memorysetup-temp-allocator-size-audio-worker=65536"
    "memorysetup-temp-allocator-size-cloud-worker=32768"
    "memorysetup-temp-allocator-size-gi-baking-worker=262144"
    "memorysetup-temp-allocator-size-gfx=262144"
Player connection [21916] Host "[IP] 192.168.35.69 [Port] 0 [Flags] 2 [Guid] 1337761577 [EditorId] 1337761577 [Version] 1048832 [Id] WindowsEditor(7,DESKTOP-JQ82Q0K) [Debug] 1 [PackageName] WindowsEditor [ProjectName] Editor" joined multi-casting on [225.0.0.222:54997]...

Player connection [21916] Host "[IP] 192.168.35.69 [Port] 0 [Flags] 2 [Guid] 1337761577 [EditorId] 1337761577 [Version] 1048832 [Id] WindowsEditor(7,DESKTOP-JQ82Q0K) [Debug] 1 [PackageName] WindowsEditor [ProjectName] Editor" joined alternative multi-casting on [225.0.0.222:34997]...

Refreshing native plugins compatible for Editor in 94.91 ms, found 4 plugins.
Preloading 0 native plugins for Editor in 0.00 ms.
Initialize engine version: 2021.3.21f1 (1b156197d683)
[Subsystems] Discovering subsystems at path C:/Program Files/Unity/Hub/Editor/2021.3.21f1/Editor/Data/Resources/UnitySubsystems
[Subsystems] Discovering subsystems at path C:/Users/bhs99/OneDrive/문서/GitHub/In-Hindsight/Assets
GfxDevice: creating device client; threaded=0; jobified=0
Direct3D:
    Version:  Direct3D 11.0 [level 11.1]
    Renderer: NVIDIA GeForce GTX 1070 Ti (ID=0x1b82)
    Vendor:   NVIDIA
    VRAM:     8079 MB
    Driver:   31.0.15.1694
Initialize mono
Mono path[0] = 'C:/Program Files/Unity/Hub/Editor/2021.3.21f1/Editor/Data/Managed'
Mono path[1] = 'C:/Program Files/Unity/Hub/Editor/2021.3.21f1/Editor/Data/MonoBleedingEdge/lib/mono/unityjit-win32'
Mono config path = 'C:/Program Files/Unity/Hub/Editor/2021.3.21f1/Editor/Data/MonoBleedingEdge/etc'
Using monoOptions --debugger-agent=transport=dt_socket,embedding=1,server=y,suspend=n,address=127.0.0.1:56744
Begin MonoManager ReloadAssembly
Registering precompiled unity dll's ...
Register platform support module: C:/Program Files/Unity/Hub/Editor/2021.3.21f1/Editor/Data/PlaybackEngines/WindowsStandaloneSupport/UnityEditor.WindowsStandalone.Extensions.dll
Registered in 0.014888 seconds.
Native extension for WindowsStandalone target not found
Refreshing native plugins compatible for Editor in 84.70 ms, found 4 plugins.
Preloading 0 native plugins for Editor in 0.00 ms.
Mono: successfully reloaded assembly
- Completed reload, in  0.648 seconds
Domain Reload Profiling:
	ReloadAssembly (648ms)
		BeginReloadAssembly (106ms)
			ExecutionOrderSort (0ms)
			DisableScriptedObjects (0ms)
			BackupInstance (0ms)
			ReleaseScriptingObjects (0ms)
			CreateAndSetChildDomain (1ms)
		EndReloadAssembly (433ms)
			LoadAssemblies (103ms)
			RebuildTransferFunctionScriptingTraits (0ms)
			SetupTypeCache (95ms)
			ReleaseScriptCaches (0ms)
			RebuildScriptCaches (25ms)
			SetupLoadedEditorAssemblies (260ms)
				LogAssemblyErrors (0ms)
				InitializePlatformSupportModulesInManaged (9ms)
				SetLoadedEditorAssemblies (0ms)
				RefreshPlugins (85ms)
				BeforeProcessingInitializeOnLoad (2ms)
				ProcessInitializeOnLoadAttributes (115ms)
				ProcessInitializeOnLoadMethodAttributes (49ms)
				AfterProcessingInitializeOnLoad (0ms)
				EditorAssembliesLoaded (0ms)
			ExecutionOrderSort2 (0ms)
			AwakeInstancesAfterBackupRestoration (0ms)
Platform modules already initialized, skipping
Registering precompiled user dll's ...
Registered in 0.011677 seconds.
Begin MonoManager ReloadAssembly
Symbol file LoadedFromMemory doesn't match image C:\Users\bhs99\OneDrive\문서\GitHub\In-Hindsight\Library\PackageCache\com.unity.visualscripting@1.8.0\Editor\VisualScripting.Core\Dependencies\YamlDotNet\Unity.VisualScripting.YamlDotNet.dll
Symbol file LoadedFromMemory doesn't match image C:\Users\bhs99\OneDrive\문서\GitHub\In-Hindsight\Library\PackageCache\com.unity.visualscripting@1.8.0\Editor\VisualScripting.Core\Dependencies\DotNetZip\Unity.VisualScripting.IonicZip.dll
Native extension for WindowsStandalone target not found
Refreshing native plugins compatible for Editor in 88.49 ms, found 4 plugins.
Preloading 0 native plugins for Editor in 0.00 ms.
Mono: successfully reloaded assembly
- Completed reload, in  1.176 seconds
Domain Reload Profiling:
	ReloadAssembly (1177ms)
		BeginReloadAssembly (133ms)
			ExecutionOrderSort (0ms)
			DisableScriptedObjects (5ms)
			BackupInstance (0ms)
			ReleaseScriptingObjects (0ms)
			CreateAndSetChildDomain (17ms)
		EndReloadAssembly (938ms)
			LoadAssemblies (125ms)
			RebuildTransferFunctionScriptingTraits (0ms)
			SetupTypeCache (224ms)
			ReleaseScriptCaches (1ms)
			RebuildScriptCaches (52ms)
			SetupLoadedEditorAssemblies (514ms)
				LogAssemblyErrors (0ms)
				InitializePlatformSupportModulesInManaged (6ms)
				SetLoadedEditorAssemblies (0ms)
				RefreshPlugins (89ms)
				BeforeProcessingInitializeOnLoad (113ms)
				ProcessInitializeOnLoadAttributes (261ms)
				ProcessInitializeOnLoadMethodAttributes (30ms)
				AfterProcessingInitializeOnLoad (16ms)
				EditorAssembliesLoaded (0ms)
			ExecutionOrderSort2 (0ms)
			AwakeInstancesAfterBackupRestoration (8ms)
Platform modules already initialized, skipping
========================================================================
Worker process is ready to serve import requests
Launched and connected shader compiler UnityShaderCompiler.exe after 0.05 seconds
Refreshing native plugins compatible for Editor in 0.63 ms, found 4 plugins.
Preloading 0 native plugins for Editor in 0.00 ms.
Unloading 4121 Unused Serialized files (Serialized files now loaded: 0)
Unloading 44 unused Assets / (229.1 KB). Loaded Objects now: 4577.
Memory consumption went from 163.8 MB to 163.5 MB.
Total: 4.429900 ms (FindLiveObjects: 0.267000 ms CreateObjectMapping: 0.249100 ms MarkObjects: 3.744800 ms  DeleteObjects: 0.168000 ms)

AssetImportParameters requested are different than current active one (requested -> active):
  custom:video-decoder-ogg-theora: a1e56fd34408186e4bbccfd4996cb3dc -> 
  custom:container-muxer-webm: aa71ff27fc2769a1b78a27578f13a17b -> 
  custom:container-demuxer-webm: 4f35f7cbe854078d1ac9338744f61a02 -> 
  custom:video-encoder-webm-vp8: eb34c28f22e8b96e1ab97ce403110664 -> 
  custom:video-codec-MediaFoundation-h265: 746d11721c4dcdbdad8f713fa42b33f4 -> 
  custom:audio-encoder-webm-vorbis: bf7c407c2cedff20999df2af8eb42d56 -> 
  custom:framework-win-MediaFoundation: 216162199b28c13a410421893ffa2e32 -> 
  custom:container-demuxer-ogg: 62fdf1f143b41e24485cea50d1cbac27 -> 
  custom:video-decoder-webm-vp8: 9c59270c3fd7afecdb556c50c9e8de78 -> 
  custom:audio-decoder-ogg-vorbis: bf7c407c2cedff20999df2af8eb42d56 -> 
========================================================================
Received Import Request.
  Time since last request: 900919.605326 seconds.
  path: Assets/Map/Object_Animation
  artifactKey: Guid(07a8dd461db26f04eb633a6ac1f8e031) Importer(815301076,1909f56bfc062723c751e8b465ee728b)
Start importing Assets/Map/Object_Animation using Guid(07a8dd461db26f04eb633a6ac1f8e031) Importer(815301076,1909f56bfc062723c751e8b465ee728b)  -> (artifact id: '5050c0911e51b0d5c938741307bf5ac6') in 0.011903 seconds 
========================================================================
Received Import Request.
  Time since last request: 0.400738 seconds.
  path: Assets/Map/Sprite
  artifactKey: Guid(ecd2570097bd4ed44bf4714a37fa9b71) Importer(815301076,1909f56bfc062723c751e8b465ee728b)
Start importing Assets/Map/Sprite using Guid(ecd2570097bd4ed44bf4714a37fa9b71) Importer(815301076,1909f56bfc062723c751e8b465ee728b)  -> (artifact id: 'ffa5effee68a4915b88962175ea4abca') in 0.006519 seconds 
========================================================================
Received Import Request.
  Time since last request: 0.040943 seconds.
  path: Assets/Map/Sprite/Cover.png
  artifactKey: Guid(09e6ee156a2b91e46be475b9f270c268) Importer(815301076,1909f56bfc062723c751e8b465ee728b)
Start importing Assets/Map/Sprite/Cover.png using Guid(09e6ee156a2b91e46be475b9f270c268) Importer(815301076,1909f56bfc062723c751e8b465ee728b)  -> (artifact id: '41c1a9f0bc01383744ebb5e98fca60a5') in 0.149584 seconds 
========================================================================
Received Import Request.
  Time since last request: 0.000016 seconds.
  path: Assets/Map/Sprite/Square.png
  artifactKey: Guid(bb47f7d543069724ea09d6c2d39cf09d) Importer(815301076,1909f56bfc062723c751e8b465ee728b)
Start importing Assets/Map/Sprite/Square.png using Guid(bb47f7d543069724ea09d6c2d39cf09d) Importer(815301076,1909f56bfc062723c751e8b465ee728b)  -> (artifact id: '7fab73d6440da46a4a22de29225cafb8') in 0.020167 seconds 
========================================================================
Received Import Request.
  Time since last request: 0.000018 seconds.
  path: Assets/Map/Sprite/Door_Open.png
  artifactKey: Guid(8e5c480a6c9500b4d8d4f0b1e25d8243) Importer(815301076,1909f56bfc062723c751e8b465ee728b)
Start importing Assets/Map/Sprite/Door_Open.png using Guid(8e5c480a6c9500b4d8d4f0b1e25d8243) Importer(815301076,1909f56bfc062723c751e8b465ee728b)  -> (artifact id: 'b6ba1f9c840921a6c257bf9ceb6ee913') in 0.015668 seconds 
========================================================================
Received Import Request.
  Time since last request: 0.000025 seconds.
  path: Assets/Map/Sprite/Pipe.png
  artifactKey: Guid(063a272b8398b73429da7172d80345e0) Importer(815301076,1909f56bfc062723c751e8b465ee728b)
Start importing Assets/Map/Sprite/Pipe.png using Guid(063a272b8398b73429da7172d80345e0) Importer(815301076,1909f56bfc062723c751e8b465ee728b)  -> (artifact id: '54e6c72c469cdf5374417e886752f0b8') in 0.021822 seconds 
========================================================================
Received Import Request.
  Time since last request: 0.000022 seconds.
  path: Assets/Map/Sprite/Light.png
  artifactKey: Guid(da42f02047c631841830f9327229cacd) Importer(815301076,1909f56bfc062723c751e8b465ee728b)
Start importing Assets/Map/Sprite/Light.png using Guid(da42f02047c631841830f9327229cacd) Importer(815301076,1909f56bfc062723c751e8b465ee728b)  -> (artifact id: '5150a9c339bac606dfca687385c6a74a') in 0.020650 seconds 
========================================================================
Received Import Request.
  Time since last request: 0.000015 seconds.
  path: Assets/Map/Sprite/Ground.png
  artifactKey: Guid(dbd36482fa3132d4ca73a4e8354b68c5) Importer(815301076,1909f56bfc062723c751e8b465ee728b)
Start importing Assets/Map/Sprite/Ground.png using Guid(dbd36482fa3132d4ca73a4e8354b68c5) Importer(815301076,1909f56bfc062723c751e8b465ee728b)  -> (artifact id: '0642b5e49c315a879d58ddc9b7a4d965') in 0.020087 seconds 
Editor requested this worker to shutdown with reason: Scaling down because of idle timeout
AssetImportWorker is now disconnected from the server
Process exiting
Exiting without the bug reporter. Application will terminate with return code 0